Connecting to database specified by database.yml
Connecting to database specified by database.yml
Connecting to database specified by database.yml
  [1m[36m (0.2ms)[0m  [1mselect sqlite_version(*)[0m
  [1m[35m (146.9ms)[0m  CREATE TABLE "schema_migrations" ("version" varchar(255) NOT NULL) 
  [1m[36m (125.4ms)[0m  [1mCREATE UNIQUE INDEX "unique_schema_migrations" ON "schema_migrations" ("version")[0m
  [1m[35m (0.1ms)[0m  SELECT "schema_migrations"."version" FROM "schema_migrations" 
Migrating to CreateUsers (20130104125716)
  [1m[36m (0.1ms)[0m  [1mbegin transaction[0m
  [1m[35m (0.5ms)[0m  CREATE TABLE "users" ("id" INTEGER PRIMARY KEY AUTOINCREMENT NOT NULL, "fsq_token" varchar(255), "c2g_token" varchar(255), "created_at" datetime NOT NULL, "updated_at" datetime NOT NULL) 
  [1m[36m (0.1ms)[0m  [1mINSERT INTO "schema_migrations" ("version") VALUES ('20130104125716')[0m
  [1m[35m (137.0ms)[0m  commit transaction
  [1m[36m (0.1ms)[0m  [1mSELECT "schema_migrations"."version" FROM "schema_migrations" [0m
Connecting to database specified by database.yml
Connecting to database specified by database.yml
  [1m[36m (0.1ms)[0m  [1mSELECT "schema_migrations"."version" FROM "schema_migrations" [0m
Migrating to CreateUsers (20130104125716)
Migrating to CreateOauthConsumerTokens (20130104174600)
  [1m[35m (0.1ms)[0m  select sqlite_version(*)
  [1m[36m (0.1ms)[0m  [1mbegin transaction[0m
  [1m[35m (16.5ms)[0m  CREATE TABLE "consumer_tokens" ("id" INTEGER PRIMARY KEY AUTOINCREMENT NOT NULL, "user_id" integer, "type" varchar(30), "token" varchar(1024), "secret" varchar(255), "created_at" datetime NOT NULL, "updated_at" datetime NOT NULL) 
  [1m[36m (0.5ms)[0m  [1mCREATE UNIQUE INDEX "index_consumer_tokens_on_token" ON "consumer_tokens" ("token")[0m
  [1m[35m (0.1ms)[0m  INSERT INTO "schema_migrations" ("version") VALUES ('20130104174600')
  [1m[36m (173.7ms)[0m  [1mcommit transaction[0m
  [1m[35m (0.1ms)[0m  SELECT "schema_migrations"."version" FROM "schema_migrations" 
